
  .   ____          _            __ _ _
 /\\ / ___'_ __ _ _(_)_ __  __ _ \ \ \ \
( ( )\___ | '_ | '_| | '_ \/ _` | \ \ \ \
 \\/  ___)| |_)| | | | | || (_| |  ) ) ) )
  '  |____| .__|_| |_|_| |_\__, | / / / /
 =========|_|==============|___/=/_/_/_/

 :: Spring Boot ::                (v3.5.6)

2025-10-24T23:43:47.899+08:00  INFO 27582 --- [stockfish-analyzer] [           main] o.e.s.StockfishAnalyzerApplication       : Starting StockfishAnalyzerApplication v0.0.1-SNAPSHOT using Java 23.0.1 with PID 27582 (/Users/david/codeFile/idea/firstIdea/stockfish-analyzer/target/stockfish-analyzer-0.0.1-SNAPSHOT.jar started by david in /Users/david/codeFile/idea/firstIdea/stockfish-analyzer)
2025-10-24T23:43:47.901+08:00  INFO 27582 --- [stockfish-analyzer] [           main] o.e.s.StockfishAnalyzerApplication       : No active profile set, falling back to 1 default profile: "default"
2025-10-24T23:43:48.674+08:00  INFO 27582 --- [stockfish-analyzer] [           main] .s.d.r.c.RepositoryConfigurationDelegate : Bootstrapping Spring Data JPA repositories in DEFAULT mode.
2025-10-24T23:43:48.720+08:00  INFO 27582 --- [stockfish-analyzer] [           main] .s.d.r.c.RepositoryConfigurationDelegate : Finished Spring Data repository scanning in 37 ms. Found 10 JPA repository interfaces.
2025-10-24T23:43:49.132+08:00  INFO 27582 --- [stockfish-analyzer] [           main] o.s.b.w.embedded.tomcat.TomcatWebServer  : Tomcat initialized with port 9090 (http)
2025-10-24T23:43:49.146+08:00  INFO 27582 --- [stockfish-analyzer] [           main] o.apache.catalina.core.StandardService   : Starting service [Tomcat]
2025-10-24T23:43:49.146+08:00  INFO 27582 --- [stockfish-analyzer] [           main] o.apache.catalina.core.StandardEngine    : Starting Servlet engine: [Apache Tomcat/10.1.46]
2025-10-24T23:43:49.174+08:00  INFO 27582 --- [stockfish-analyzer] [           main] o.a.c.c.C.[Tomcat].[localhost].[/]       : Initializing Spring embedded WebApplicationContext
2025-10-24T23:43:49.174+08:00  INFO 27582 --- [stockfish-analyzer] [           main] w.s.c.ServletWebServerApplicationContext : Root WebApplicationContext: initialization completed in 1238 ms
2025-10-24T23:43:49.395+08:00  INFO 27582 --- [stockfish-analyzer] [           main] o.hibernate.jpa.internal.util.LogHelper  : HHH000204: Processing PersistenceUnitInfo [name: default]
2025-10-24T23:43:49.435+08:00  INFO 27582 --- [stockfish-analyzer] [           main] org.hibernate.Version                    : HHH000412: Hibernate ORM core version 6.6.29.Final
2025-10-24T23:43:49.455+08:00  INFO 27582 --- [stockfish-analyzer] [           main] o.h.c.internal.RegionFactoryInitiator    : HHH000026: Second-level cache disabled
2025-10-24T23:43:49.631+08:00  INFO 27582 --- [stockfish-analyzer] [           main] o.s.o.j.p.SpringPersistenceUnitInfo      : No LoadTimeWeaver setup: ignoring JPA class transformer
2025-10-24T23:43:49.664+08:00  INFO 27582 --- [stockfish-analyzer] [           main] com.zaxxer.hikari.HikariDataSource       : HikariPool-1 - Starting...
2025-10-24T23:43:50.624+08:00  INFO 27582 --- [stockfish-analyzer] [           main] com.zaxxer.hikari.pool.HikariPool        : HikariPool-1 - Added connection com.mysql.cj.jdbc.ConnectionImpl@61836cd9
2025-10-24T23:43:50.626+08:00  INFO 27582 --- [stockfish-analyzer] [           main] com.zaxxer.hikari.HikariDataSource       : HikariPool-1 - Start completed.
2025-10-24T23:43:50.687+08:00  WARN 27582 --- [stockfish-analyzer] [           main] org.hibernate.orm.deprecation            : HHH90000025: MySQLDialect does not need to be specified explicitly using 'hibernate.dialect' (remove the property setting and it will be selected by default)
2025-10-24T23:43:50.699+08:00  INFO 27582 --- [stockfish-analyzer] [           main] org.hibernate.orm.connections.pooling    : HHH10001005: Database info:
	Database JDBC URL [Connecting through datasource 'HikariDataSource (HikariPool-1)']
	Database driver: undefined/unknown
	Database version: 9.1
	Autocommit mode: undefined/unknown
	Isolation level: undefined/unknown
	Minimum pool size: undefined/unknown
	Maximum pool size: undefined/unknown
2025-10-24T23:43:51.571+08:00  INFO 27582 --- [stockfish-analyzer] [           main] o.h.e.t.j.p.i.JtaPlatformInitiator       : HHH000489: No JTA platform available (set 'hibernate.transaction.jta.platform' to enable JTA platform integration)
Hibernate: alter table tbl_analysis_result modify column move_classification enum ('BEST','BLUNDER','BRILLIANT','GOOD','INACCURACY','MISTAKE')
2025-10-24T23:43:51.699+08:00  INFO 27582 --- [stockfish-analyzer] [           main] j.LocalContainerEntityManagerFactoryBean : Initialized JPA EntityManagerFactory for persistence unit 'default'
2025-10-24T23:43:52.019+08:00  INFO 27582 --- [stockfish-analyzer] [           main] o.s.d.j.r.query.QueryEnhancerFactory     : Hibernate is in classpath; If applicable, HQL parser will be used.
2025-10-24T23:43:52.516+08:00  INFO 27582 --- [stockfish-analyzer] [           main] o.e.s.service.StockfishService           : 初始化 Stockfish 引擎，路径: /opt/homebrew/bin/stockfish
2025-10-24T23:43:52.988+08:00  INFO 27582 --- [stockfish-analyzer] [           main] o.e.s.service.StockfishService           : Stockfish 引擎初始化成功
2025-10-24T23:43:53.132+08:00  WARN 27582 --- [stockfish-analyzer] [           main] JpaBaseConfiguration$JpaWebConfiguration : spring.jpa.open-in-view is enabled by default. Therefore, database queries may be performed during view rendering. Explicitly configure spring.jpa.open-in-view to disable this warning
2025-10-24T23:43:53.155+08:00  INFO 27582 --- [stockfish-analyzer] [           main] o.s.b.a.w.s.WelcomePageHandlerMapping    : Adding welcome page: class path resource [static/index.html]
2025-10-24T23:43:53.616+08:00  INFO 27582 --- [stockfish-analyzer] [           main] o.s.b.a.e.web.EndpointLinksResolver      : Exposing 1 endpoint beneath base path '/actuator'
2025-10-24T23:43:53.684+08:00  INFO 27582 --- [stockfish-analyzer] [           main] o.s.b.w.embedded.tomcat.TomcatWebServer  : Tomcat started on port 9090 (http) with context path '/'
2025-10-24T23:43:53.700+08:00  INFO 27582 --- [stockfish-analyzer] [           main] o.e.s.StockfishAnalyzerApplication       : Started StockfishAnalyzerApplication in 6.061 seconds (process running for 6.354)
2025-10-24T23:45:43.908+08:00  INFO 27582 --- [stockfish-analyzer] [nio-9090-exec-1] o.a.c.c.C.[Tomcat].[localhost].[/]       : Initializing Spring DispatcherServlet 'dispatcherServlet'
2025-10-24T23:45:43.909+08:00  INFO 27582 --- [stockfish-analyzer] [nio-9090-exec-1] o.s.web.servlet.DispatcherServlet        : Initializing Servlet 'dispatcherServlet'
2025-10-24T23:45:43.912+08:00  INFO 27582 --- [stockfish-analyzer] [nio-9090-exec-1] o.s.web.servlet.DispatcherServlet        : Completed initialization in 3 ms
Hibernate: select gp1_0.id,gp1_0.analysis_status,gp1_0.black_player,gp1_0.game_date,gp1_0.game_result,gp1_0.pgn_content,gp1_0.uploaded_at,gp1_0.user_id,gp1_0.white_player from tbl_game_pgn gp1_0 where gp1_0.user_id=? order by gp1_0.uploaded_at desc
Hibernate: select ar1_0.id,ar1_0.best_move,ar1_0.game_id,ar1_0.move_classification,ar1_0.move_number,ar1_0.move_san,ar1_0.score from tbl_analysis_result ar1_0 where ar1_0.game_id=? order by ar1_0.move_number
Hibernate: select ar1_0.id,ar1_0.best_move,ar1_0.game_id,ar1_0.move_classification,ar1_0.move_number,ar1_0.move_san,ar1_0.score from tbl_analysis_result ar1_0 where ar1_0.game_id=? order by ar1_0.move_number
Hibernate: select ar1_0.id,ar1_0.best_move,ar1_0.game_id,ar1_0.move_classification,ar1_0.move_number,ar1_0.move_san,ar1_0.score from tbl_analysis_result ar1_0 where ar1_0.game_id=? order by ar1_0.move_number
Hibernate: select ar1_0.id,ar1_0.best_move,ar1_0.game_id,ar1_0.move_classification,ar1_0.move_number,ar1_0.move_san,ar1_0.score from tbl_analysis_result ar1_0 where ar1_0.game_id=? order by ar1_0.move_number
Hibernate: select ar1_0.id,ar1_0.best_move,ar1_0.game_id,ar1_0.move_classification,ar1_0.move_number,ar1_0.move_san,ar1_0.score from tbl_analysis_result ar1_0 where ar1_0.game_id=? order by ar1_0.move_number
Hibernate: select ar1_0.id,ar1_0.best_move,ar1_0.game_id,ar1_0.move_classification,ar1_0.move_number,ar1_0.move_san,ar1_0.score from tbl_analysis_result ar1_0 where ar1_0.game_id=? order by ar1_0.move_number
Hibernate: select ar1_0.id,ar1_0.best_move,ar1_0.game_id,ar1_0.move_classification,ar1_0.move_number,ar1_0.move_san,ar1_0.score from tbl_analysis_result ar1_0 where ar1_0.game_id=? order by ar1_0.move_number
Hibernate: select ar1_0.id,ar1_0.best_move,ar1_0.game_id,ar1_0.move_classification,ar1_0.move_number,ar1_0.move_san,ar1_0.score from tbl_analysis_result ar1_0 where ar1_0.game_id=? order by ar1_0.move_number
Hibernate: select ar1_0.id,ar1_0.best_move,ar1_0.game_id,ar1_0.move_classification,ar1_0.move_number,ar1_0.move_san,ar1_0.score from tbl_analysis_result ar1_0 where ar1_0.game_id=? order by ar1_0.move_number
Hibernate: select ar1_0.id,ar1_0.best_move,ar1_0.game_id,ar1_0.move_classification,ar1_0.move_number,ar1_0.move_san,ar1_0.score from tbl_analysis_result ar1_0 where ar1_0.game_id=? order by ar1_0.move_number
Hibernate: select ar1_0.id,ar1_0.best_move,ar1_0.game_id,ar1_0.move_classification,ar1_0.move_number,ar1_0.move_san,ar1_0.score from tbl_analysis_result ar1_0 where ar1_0.game_id=? order by ar1_0.move_number
Hibernate: select ar1_0.id,ar1_0.best_move,ar1_0.game_id,ar1_0.move_classification,ar1_0.move_number,ar1_0.move_san,ar1_0.score from tbl_analysis_result ar1_0 where ar1_0.game_id=? order by ar1_0.move_number
Hibernate: select ar1_0.id,ar1_0.best_move,ar1_0.game_id,ar1_0.move_classification,ar1_0.move_number,ar1_0.move_san,ar1_0.score from tbl_analysis_result ar1_0 where ar1_0.game_id=? order by ar1_0.move_number
Hibernate: select ar1_0.id,ar1_0.best_move,ar1_0.game_id,ar1_0.move_classification,ar1_0.move_number,ar1_0.move_san,ar1_0.score from tbl_analysis_result ar1_0 where ar1_0.game_id=? order by ar1_0.move_number
Hibernate: select ar1_0.id,ar1_0.best_move,ar1_0.game_id,ar1_0.move_classification,ar1_0.move_number,ar1_0.move_san,ar1_0.score from tbl_analysis_result ar1_0 where ar1_0.game_id=? order by ar1_0.move_number
Hibernate: select ar1_0.id,ar1_0.best_move,ar1_0.game_id,ar1_0.move_classification,ar1_0.move_number,ar1_0.move_san,ar1_0.score from tbl_analysis_result ar1_0 where ar1_0.game_id=? order by ar1_0.move_number
Hibernate: select ar1_0.id,ar1_0.best_move,ar1_0.game_id,ar1_0.move_classification,ar1_0.move_number,ar1_0.move_san,ar1_0.score from tbl_analysis_result ar1_0 where ar1_0.game_id=? order by ar1_0.move_number
Hibernate: select ar1_0.id,ar1_0.best_move,ar1_0.game_id,ar1_0.move_classification,ar1_0.move_number,ar1_0.move_san,ar1_0.score from tbl_analysis_result ar1_0 where ar1_0.game_id=? order by ar1_0.move_number
Hibernate: select ar1_0.id,ar1_0.best_move,ar1_0.game_id,ar1_0.move_classification,ar1_0.move_number,ar1_0.move_san,ar1_0.score from tbl_analysis_result ar1_0 where ar1_0.game_id=? order by ar1_0.move_number
Hibernate: select ar1_0.id,ar1_0.best_move,ar1_0.game_id,ar1_0.move_classification,ar1_0.move_number,ar1_0.move_san,ar1_0.score from tbl_analysis_result ar1_0 where ar1_0.game_id=? order by ar1_0.move_number
Hibernate: select gp1_0.id,gp1_0.analysis_status,gp1_0.black_player,gp1_0.game_date,gp1_0.game_result,gp1_0.pgn_content,gp1_0.uploaded_at,gp1_0.user_id,gp1_0.white_player from tbl_game_pgn gp1_0 where gp1_0.user_id=? order by gp1_0.uploaded_at desc
Hibernate: select ar1_0.id,ar1_0.best_move,ar1_0.game_id,ar1_0.move_classification,ar1_0.move_number,ar1_0.move_san,ar1_0.score from tbl_analysis_result ar1_0 where ar1_0.game_id=? order by ar1_0.move_number
Hibernate: select ar1_0.id,ar1_0.best_move,ar1_0.game_id,ar1_0.move_classification,ar1_0.move_number,ar1_0.move_san,ar1_0.score from tbl_analysis_result ar1_0 where ar1_0.game_id=? order by ar1_0.move_number
Hibernate: select ar1_0.id,ar1_0.best_move,ar1_0.game_id,ar1_0.move_classification,ar1_0.move_number,ar1_0.move_san,ar1_0.score from tbl_analysis_result ar1_0 where ar1_0.game_id=? order by ar1_0.move_number
Hibernate: select ar1_0.id,ar1_0.best_move,ar1_0.game_id,ar1_0.move_classification,ar1_0.move_number,ar1_0.move_san,ar1_0.score from tbl_analysis_result ar1_0 where ar1_0.game_id=? order by ar1_0.move_number
Hibernate: select ar1_0.id,ar1_0.best_move,ar1_0.game_id,ar1_0.move_classification,ar1_0.move_number,ar1_0.move_san,ar1_0.score from tbl_analysis_result ar1_0 where ar1_0.game_id=? order by ar1_0.move_number
Hibernate: select ar1_0.id,ar1_0.best_move,ar1_0.game_id,ar1_0.move_classification,ar1_0.move_number,ar1_0.move_san,ar1_0.score from tbl_analysis_result ar1_0 where ar1_0.game_id=? order by ar1_0.move_number
Hibernate: select ar1_0.id,ar1_0.best_move,ar1_0.game_id,ar1_0.move_classification,ar1_0.move_number,ar1_0.move_san,ar1_0.score from tbl_analysis_result ar1_0 where ar1_0.game_id=? order by ar1_0.move_number
Hibernate: select ar1_0.id,ar1_0.best_move,ar1_0.game_id,ar1_0.move_classification,ar1_0.move_number,ar1_0.move_san,ar1_0.score from tbl_analysis_result ar1_0 where ar1_0.game_id=? order by ar1_0.move_number
Hibernate: select ar1_0.id,ar1_0.best_move,ar1_0.game_id,ar1_0.move_classification,ar1_0.move_number,ar1_0.move_san,ar1_0.score from tbl_analysis_result ar1_0 where ar1_0.game_id=? order by ar1_0.move_number
Hibernate: select ar1_0.id,ar1_0.best_move,ar1_0.game_id,ar1_0.move_classification,ar1_0.move_number,ar1_0.move_san,ar1_0.score from tbl_analysis_result ar1_0 where ar1_0.game_id=? order by ar1_0.move_number
Hibernate: select ar1_0.id,ar1_0.best_move,ar1_0.game_id,ar1_0.move_classification,ar1_0.move_number,ar1_0.move_san,ar1_0.score from tbl_analysis_result ar1_0 where ar1_0.game_id=? order by ar1_0.move_number
Hibernate: select ar1_0.id,ar1_0.best_move,ar1_0.game_id,ar1_0.move_classification,ar1_0.move_number,ar1_0.move_san,ar1_0.score from tbl_analysis_result ar1_0 where ar1_0.game_id=? order by ar1_0.move_number
Hibernate: select ar1_0.id,ar1_0.best_move,ar1_0.game_id,ar1_0.move_classification,ar1_0.move_number,ar1_0.move_san,ar1_0.score from tbl_analysis_result ar1_0 where ar1_0.game_id=? order by ar1_0.move_number
Hibernate: select ar1_0.id,ar1_0.best_move,ar1_0.game_id,ar1_0.move_classification,ar1_0.move_number,ar1_0.move_san,ar1_0.score from tbl_analysis_result ar1_0 where ar1_0.game_id=? order by ar1_0.move_number
Hibernate: select ar1_0.id,ar1_0.best_move,ar1_0.game_id,ar1_0.move_classification,ar1_0.move_number,ar1_0.move_san,ar1_0.score from tbl_analysis_result ar1_0 where ar1_0.game_id=? order by ar1_0.move_number
Hibernate: select ar1_0.id,ar1_0.best_move,ar1_0.game_id,ar1_0.move_classification,ar1_0.move_number,ar1_0.move_san,ar1_0.score from tbl_analysis_result ar1_0 where ar1_0.game_id=? order by ar1_0.move_number
Hibernate: select ar1_0.id,ar1_0.best_move,ar1_0.game_id,ar1_0.move_classification,ar1_0.move_number,ar1_0.move_san,ar1_0.score from tbl_analysis_result ar1_0 where ar1_0.game_id=? order by ar1_0.move_number
Hibernate: select ar1_0.id,ar1_0.best_move,ar1_0.game_id,ar1_0.move_classification,ar1_0.move_number,ar1_0.move_san,ar1_0.score from tbl_analysis_result ar1_0 where ar1_0.game_id=? order by ar1_0.move_number
Hibernate: select ar1_0.id,ar1_0.best_move,ar1_0.game_id,ar1_0.move_classification,ar1_0.move_number,ar1_0.move_san,ar1_0.score from tbl_analysis_result ar1_0 where ar1_0.game_id=? order by ar1_0.move_number
Hibernate: select ar1_0.id,ar1_0.best_move,ar1_0.game_id,ar1_0.move_classification,ar1_0.move_number,ar1_0.move_san,ar1_0.score from tbl_analysis_result ar1_0 where ar1_0.game_id=? order by ar1_0.move_number
Hibernate: select gp1_0.id,gp1_0.analysis_status,gp1_0.black_player,gp1_0.game_date,gp1_0.game_result,gp1_0.pgn_content,gp1_0.uploaded_at,gp1_0.user_id,gp1_0.white_player from tbl_game_pgn gp1_0 where gp1_0.user_id=? order by gp1_0.uploaded_at desc
Hibernate: select ar1_0.id,ar1_0.best_move,ar1_0.game_id,ar1_0.move_classification,ar1_0.move_number,ar1_0.move_san,ar1_0.score from tbl_analysis_result ar1_0 where ar1_0.game_id=? order by ar1_0.move_number
Hibernate: select ar1_0.id,ar1_0.best_move,ar1_0.game_id,ar1_0.move_classification,ar1_0.move_number,ar1_0.move_san,ar1_0.score from tbl_analysis_result ar1_0 where ar1_0.game_id=? order by ar1_0.move_number
Hibernate: select ar1_0.id,ar1_0.best_move,ar1_0.game_id,ar1_0.move_classification,ar1_0.move_number,ar1_0.move_san,ar1_0.score from tbl_analysis_result ar1_0 where ar1_0.game_id=? order by ar1_0.move_number
Hibernate: select ar1_0.id,ar1_0.best_move,ar1_0.game_id,ar1_0.move_classification,ar1_0.move_number,ar1_0.move_san,ar1_0.score from tbl_analysis_result ar1_0 where ar1_0.game_id=? order by ar1_0.move_number
Hibernate: select ar1_0.id,ar1_0.best_move,ar1_0.game_id,ar1_0.move_classification,ar1_0.move_number,ar1_0.move_san,ar1_0.score from tbl_analysis_result ar1_0 where ar1_0.game_id=? order by ar1_0.move_number
Hibernate: select ar1_0.id,ar1_0.best_move,ar1_0.game_id,ar1_0.move_classification,ar1_0.move_number,ar1_0.move_san,ar1_0.score from tbl_analysis_result ar1_0 where ar1_0.game_id=? order by ar1_0.move_number
Hibernate: select ar1_0.id,ar1_0.best_move,ar1_0.game_id,ar1_0.move_classification,ar1_0.move_number,ar1_0.move_san,ar1_0.score from tbl_analysis_result ar1_0 where ar1_0.game_id=? order by ar1_0.move_number
Hibernate: select ar1_0.id,ar1_0.best_move,ar1_0.game_id,ar1_0.move_classification,ar1_0.move_number,ar1_0.move_san,ar1_0.score from tbl_analysis_result ar1_0 where ar1_0.game_id=? order by ar1_0.move_number
Hibernate: select ar1_0.id,ar1_0.best_move,ar1_0.game_id,ar1_0.move_classification,ar1_0.move_number,ar1_0.move_san,ar1_0.score from tbl_analysis_result ar1_0 where ar1_0.game_id=? order by ar1_0.move_number
Hibernate: select ar1_0.id,ar1_0.best_move,ar1_0.game_id,ar1_0.move_classification,ar1_0.move_number,ar1_0.move_san,ar1_0.score from tbl_analysis_result ar1_0 where ar1_0.game_id=? order by ar1_0.move_number
Hibernate: select ar1_0.id,ar1_0.best_move,ar1_0.game_id,ar1_0.move_classification,ar1_0.move_number,ar1_0.move_san,ar1_0.score from tbl_analysis_result ar1_0 where ar1_0.game_id=? order by ar1_0.move_number
Hibernate: select ar1_0.id,ar1_0.best_move,ar1_0.game_id,ar1_0.move_classification,ar1_0.move_number,ar1_0.move_san,ar1_0.score from tbl_analysis_result ar1_0 where ar1_0.game_id=? order by ar1_0.move_number
Hibernate: select ar1_0.id,ar1_0.best_move,ar1_0.game_id,ar1_0.move_classification,ar1_0.move_number,ar1_0.move_san,ar1_0.score from tbl_analysis_result ar1_0 where ar1_0.game_id=? order by ar1_0.move_number
Hibernate: select ar1_0.id,ar1_0.best_move,ar1_0.game_id,ar1_0.move_classification,ar1_0.move_number,ar1_0.move_san,ar1_0.score from tbl_analysis_result ar1_0 where ar1_0.game_id=? order by ar1_0.move_number
Hibernate: select ar1_0.id,ar1_0.best_move,ar1_0.game_id,ar1_0.move_classification,ar1_0.move_number,ar1_0.move_san,ar1_0.score from tbl_analysis_result ar1_0 where ar1_0.game_id=? order by ar1_0.move_number
Hibernate: select ar1_0.id,ar1_0.best_move,ar1_0.game_id,ar1_0.move_classification,ar1_0.move_number,ar1_0.move_san,ar1_0.score from tbl_analysis_result ar1_0 where ar1_0.game_id=? order by ar1_0.move_number
Hibernate: select ar1_0.id,ar1_0.best_move,ar1_0.game_id,ar1_0.move_classification,ar1_0.move_number,ar1_0.move_san,ar1_0.score from tbl_analysis_result ar1_0 where ar1_0.game_id=? order by ar1_0.move_number
Hibernate: select ar1_0.id,ar1_0.best_move,ar1_0.game_id,ar1_0.move_classification,ar1_0.move_number,ar1_0.move_san,ar1_0.score from tbl_analysis_result ar1_0 where ar1_0.game_id=? order by ar1_0.move_number
Hibernate: select ar1_0.id,ar1_0.best_move,ar1_0.game_id,ar1_0.move_classification,ar1_0.move_number,ar1_0.move_san,ar1_0.score from tbl_analysis_result ar1_0 where ar1_0.game_id=? order by ar1_0.move_number
Hibernate: select ar1_0.id,ar1_0.best_move,ar1_0.game_id,ar1_0.move_classification,ar1_0.move_number,ar1_0.move_san,ar1_0.score from tbl_analysis_result ar1_0 where ar1_0.game_id=? order by ar1_0.move_number
Hibernate: select gp1_0.id,gp1_0.analysis_status,gp1_0.black_player,gp1_0.game_date,gp1_0.game_result,gp1_0.pgn_content,gp1_0.uploaded_at,gp1_0.user_id,gp1_0.white_player from tbl_game_pgn gp1_0 where gp1_0.user_id=? order by gp1_0.uploaded_at desc
Hibernate: select ar1_0.id,ar1_0.best_move,ar1_0.game_id,ar1_0.move_classification,ar1_0.move_number,ar1_0.move_san,ar1_0.score from tbl_analysis_result ar1_0 where ar1_0.game_id=? order by ar1_0.move_number
Hibernate: select ar1_0.id,ar1_0.best_move,ar1_0.game_id,ar1_0.move_classification,ar1_0.move_number,ar1_0.move_san,ar1_0.score from tbl_analysis_result ar1_0 where ar1_0.game_id=? order by ar1_0.move_number
Hibernate: select ar1_0.id,ar1_0.best_move,ar1_0.game_id,ar1_0.move_classification,ar1_0.move_number,ar1_0.move_san,ar1_0.score from tbl_analysis_result ar1_0 where ar1_0.game_id=? order by ar1_0.move_number
Hibernate: select ar1_0.id,ar1_0.best_move,ar1_0.game_id,ar1_0.move_classification,ar1_0.move_number,ar1_0.move_san,ar1_0.score from tbl_analysis_result ar1_0 where ar1_0.game_id=? order by ar1_0.move_number
Hibernate: select ar1_0.id,ar1_0.best_move,ar1_0.game_id,ar1_0.move_classification,ar1_0.move_number,ar1_0.move_san,ar1_0.score from tbl_analysis_result ar1_0 where ar1_0.game_id=? order by ar1_0.move_number
Hibernate: select ar1_0.id,ar1_0.best_move,ar1_0.game_id,ar1_0.move_classification,ar1_0.move_number,ar1_0.move_san,ar1_0.score from tbl_analysis_result ar1_0 where ar1_0.game_id=? order by ar1_0.move_number
Hibernate: select ar1_0.id,ar1_0.best_move,ar1_0.game_id,ar1_0.move_classification,ar1_0.move_number,ar1_0.move_san,ar1_0.score from tbl_analysis_result ar1_0 where ar1_0.game_id=? order by ar1_0.move_number
Hibernate: select ar1_0.id,ar1_0.best_move,ar1_0.game_id,ar1_0.move_classification,ar1_0.move_number,ar1_0.move_san,ar1_0.score from tbl_analysis_result ar1_0 where ar1_0.game_id=? order by ar1_0.move_number
Hibernate: select ar1_0.id,ar1_0.best_move,ar1_0.game_id,ar1_0.move_classification,ar1_0.move_number,ar1_0.move_san,ar1_0.score from tbl_analysis_result ar1_0 where ar1_0.game_id=? order by ar1_0.move_number
Hibernate: select ar1_0.id,ar1_0.best_move,ar1_0.game_id,ar1_0.move_classification,ar1_0.move_number,ar1_0.move_san,ar1_0.score from tbl_analysis_result ar1_0 where ar1_0.game_id=? order by ar1_0.move_number
Hibernate: select ar1_0.id,ar1_0.best_move,ar1_0.game_id,ar1_0.move_classification,ar1_0.move_number,ar1_0.move_san,ar1_0.score from tbl_analysis_result ar1_0 where ar1_0.game_id=? order by ar1_0.move_number
Hibernate: select ar1_0.id,ar1_0.best_move,ar1_0.game_id,ar1_0.move_classification,ar1_0.move_number,ar1_0.move_san,ar1_0.score from tbl_analysis_result ar1_0 where ar1_0.game_id=? order by ar1_0.move_number
Hibernate: select ar1_0.id,ar1_0.best_move,ar1_0.game_id,ar1_0.move_classification,ar1_0.move_number,ar1_0.move_san,ar1_0.score from tbl_analysis_result ar1_0 where ar1_0.game_id=? order by ar1_0.move_number
Hibernate: select ar1_0.id,ar1_0.best_move,ar1_0.game_id,ar1_0.move_classification,ar1_0.move_number,ar1_0.move_san,ar1_0.score from tbl_analysis_result ar1_0 where ar1_0.game_id=? order by ar1_0.move_number
Hibernate: select ar1_0.id,ar1_0.best_move,ar1_0.game_id,ar1_0.move_classification,ar1_0.move_number,ar1_0.move_san,ar1_0.score from tbl_analysis_result ar1_0 where ar1_0.game_id=? order by ar1_0.move_number
Hibernate: select ar1_0.id,ar1_0.best_move,ar1_0.game_id,ar1_0.move_classification,ar1_0.move_number,ar1_0.move_san,ar1_0.score from tbl_analysis_result ar1_0 where ar1_0.game_id=? order by ar1_0.move_number
Hibernate: select ar1_0.id,ar1_0.best_move,ar1_0.game_id,ar1_0.move_classification,ar1_0.move_number,ar1_0.move_san,ar1_0.score from tbl_analysis_result ar1_0 where ar1_0.game_id=? order by ar1_0.move_number
Hibernate: select ar1_0.id,ar1_0.best_move,ar1_0.game_id,ar1_0.move_classification,ar1_0.move_number,ar1_0.move_san,ar1_0.score from tbl_analysis_result ar1_0 where ar1_0.game_id=? order by ar1_0.move_number
Hibernate: select ar1_0.id,ar1_0.best_move,ar1_0.game_id,ar1_0.move_classification,ar1_0.move_number,ar1_0.move_san,ar1_0.score from tbl_analysis_result ar1_0 where ar1_0.game_id=? order by ar1_0.move_number
Hibernate: select ar1_0.id,ar1_0.best_move,ar1_0.game_id,ar1_0.move_classification,ar1_0.move_number,ar1_0.move_san,ar1_0.score from tbl_analysis_result ar1_0 where ar1_0.game_id=? order by ar1_0.move_number
Hibernate: select gp1_0.id,gp1_0.analysis_status,gp1_0.black_player,gp1_0.game_date,gp1_0.game_result,gp1_0.pgn_content,gp1_0.uploaded_at,gp1_0.user_id,gp1_0.white_player from tbl_game_pgn gp1_0 where gp1_0.user_id=? order by gp1_0.uploaded_at desc
Hibernate: select ar1_0.id,ar1_0.best_move,ar1_0.game_id,ar1_0.move_classification,ar1_0.move_number,ar1_0.move_san,ar1_0.score from tbl_analysis_result ar1_0 where ar1_0.game_id=? order by ar1_0.move_number
Hibernate: select ar1_0.id,ar1_0.best_move,ar1_0.game_id,ar1_0.move_classification,ar1_0.move_number,ar1_0.move_san,ar1_0.score from tbl_analysis_result ar1_0 where ar1_0.game_id=? order by ar1_0.move_number
Hibernate: select ar1_0.id,ar1_0.best_move,ar1_0.game_id,ar1_0.move_classification,ar1_0.move_number,ar1_0.move_san,ar1_0.score from tbl_analysis_result ar1_0 where ar1_0.game_id=? order by ar1_0.move_number
Hibernate: select ar1_0.id,ar1_0.best_move,ar1_0.game_id,ar1_0.move_classification,ar1_0.move_number,ar1_0.move_san,ar1_0.score from tbl_analysis_result ar1_0 where ar1_0.game_id=? order by ar1_0.move_number
Hibernate: select ar1_0.id,ar1_0.best_move,ar1_0.game_id,ar1_0.move_classification,ar1_0.move_number,ar1_0.move_san,ar1_0.score from tbl_analysis_result ar1_0 where ar1_0.game_id=? order by ar1_0.move_number
Hibernate: select ar1_0.id,ar1_0.best_move,ar1_0.game_id,ar1_0.move_classification,ar1_0.move_number,ar1_0.move_san,ar1_0.score from tbl_analysis_result ar1_0 where ar1_0.game_id=? order by ar1_0.move_number
Hibernate: select ar1_0.id,ar1_0.best_move,ar1_0.game_id,ar1_0.move_classification,ar1_0.move_number,ar1_0.move_san,ar1_0.score from tbl_analysis_result ar1_0 where ar1_0.game_id=? order by ar1_0.move_number
Hibernate: select ar1_0.id,ar1_0.best_move,ar1_0.game_id,ar1_0.move_classification,ar1_0.move_number,ar1_0.move_san,ar1_0.score from tbl_analysis_result ar1_0 where ar1_0.game_id=? order by ar1_0.move_number
Hibernate: select ar1_0.id,ar1_0.best_move,ar1_0.game_id,ar1_0.move_classification,ar1_0.move_number,ar1_0.move_san,ar1_0.score from tbl_analysis_result ar1_0 where ar1_0.game_id=? order by ar1_0.move_number
Hibernate: select ar1_0.id,ar1_0.best_move,ar1_0.game_id,ar1_0.move_classification,ar1_0.move_number,ar1_0.move_san,ar1_0.score from tbl_analysis_result ar1_0 where ar1_0.game_id=? order by ar1_0.move_number
Hibernate: select ar1_0.id,ar1_0.best_move,ar1_0.game_id,ar1_0.move_classification,ar1_0.move_number,ar1_0.move_san,ar1_0.score from tbl_analysis_result ar1_0 where ar1_0.game_id=? order by ar1_0.move_number
Hibernate: select ar1_0.id,ar1_0.best_move,ar1_0.game_id,ar1_0.move_classification,ar1_0.move_number,ar1_0.move_san,ar1_0.score from tbl_analysis_result ar1_0 where ar1_0.game_id=? order by ar1_0.move_number
Hibernate: select ar1_0.id,ar1_0.best_move,ar1_0.game_id,ar1_0.move_classification,ar1_0.move_number,ar1_0.move_san,ar1_0.score from tbl_analysis_result ar1_0 where ar1_0.game_id=? order by ar1_0.move_number
Hibernate: select ar1_0.id,ar1_0.best_move,ar1_0.game_id,ar1_0.move_classification,ar1_0.move_number,ar1_0.move_san,ar1_0.score from tbl_analysis_result ar1_0 where ar1_0.game_id=? order by ar1_0.move_number
Hibernate: select ar1_0.id,ar1_0.best_move,ar1_0.game_id,ar1_0.move_classification,ar1_0.move_number,ar1_0.move_san,ar1_0.score from tbl_analysis_result ar1_0 where ar1_0.game_id=? order by ar1_0.move_number
Hibernate: select ar1_0.id,ar1_0.best_move,ar1_0.game_id,ar1_0.move_classification,ar1_0.move_number,ar1_0.move_san,ar1_0.score from tbl_analysis_result ar1_0 where ar1_0.game_id=? order by ar1_0.move_number
Hibernate: select ar1_0.id,ar1_0.best_move,ar1_0.game_id,ar1_0.move_classification,ar1_0.move_number,ar1_0.move_san,ar1_0.score from tbl_analysis_result ar1_0 where ar1_0.game_id=? order by ar1_0.move_number
Hibernate: select ar1_0.id,ar1_0.best_move,ar1_0.game_id,ar1_0.move_classification,ar1_0.move_number,ar1_0.move_san,ar1_0.score from tbl_analysis_result ar1_0 where ar1_0.game_id=? order by ar1_0.move_number
Hibernate: select ar1_0.id,ar1_0.best_move,ar1_0.game_id,ar1_0.move_classification,ar1_0.move_number,ar1_0.move_san,ar1_0.score from tbl_analysis_result ar1_0 where ar1_0.game_id=? order by ar1_0.move_number
Hibernate: select ar1_0.id,ar1_0.best_move,ar1_0.game_id,ar1_0.move_classification,ar1_0.move_number,ar1_0.move_san,ar1_0.score from tbl_analysis_result ar1_0 where ar1_0.game_id=? order by ar1_0.move_number
2025-10-24T23:54:52.612+08:00  INFO 27582 --- [stockfish-analyzer] [ionShutdownHook] o.s.b.w.e.tomcat.GracefulShutdown        : Commencing graceful shutdown. Waiting for active requests to complete
2025-10-24T23:54:52.665+08:00  INFO 27582 --- [stockfish-analyzer] [tomcat-shutdown] o.s.b.w.e.tomcat.GracefulShutdown        : Graceful shutdown complete
2025-10-24T23:54:52.710+08:00  INFO 27582 --- [stockfish-analyzer] [ionShutdownHook] o.e.s.service.StockfishService           : 关闭 Stockfish 引擎
2025-10-24T23:54:52.715+08:00  INFO 27582 --- [stockfish-analyzer] [ionShutdownHook] o.e.s.service.StockfishService           : Stockfish 引擎已关闭
2025-10-24T23:54:52.718+08:00  INFO 27582 --- [stockfish-analyzer] [ionShutdownHook] j.LocalContainerEntityManagerFactoryBean : Closing JPA EntityManagerFactory for persistence unit 'default'
2025-10-24T23:54:52.734+08:00  INFO 27582 --- [stockfish-analyzer] [ionShutdownHook] com.zaxxer.hikari.HikariDataSource       : HikariPool-1 - Shutdown initiated...
2025-10-24T23:54:52.759+08:00  INFO 27582 --- [stockfish-analyzer] [ionShutdownHook] com.zaxxer.hikari.HikariDataSource       : HikariPool-1 - Shutdown completed.
